2019-02-28 11:18:05: open error "C:/Users/furunhao/Documents/FRH/Software/Audio_full_link_monitoring_system/server/alarm_server/build-alarm_server-Desktop_Qt_5_10_0_MinGW_32bit-Release/release/sav/yxtserver.sav"
2019-02-28 11:18:05: ()
2019-02-28 11:18:05: open error "C:/Users/furunhao/Documents/FRH/Software/Audio_full_link_monitoring_system/server/alarm_server/build-alarm_server-Desktop_Qt_5_10_0_MinGW_32bit-Release/release/sav/transmitterlist.sav"
2019-02-28 11:18:05: ()
2019-02-28 11:18:05: open error "C:/Users/furunhao/Documents/FRH/Software/Audio_full_link_monitoring_system/server/alarm_server/build-alarm_server-Desktop_Qt_5_10_0_MinGW_32bit-Release/release/sav/chinfo.sav"
2019-02-28 11:18:05: init audio receiver
2019-02-28 11:18:05: init redis manager
2019-02-28 11:18:05: init alarm apm
2019-02-28 11:18:05: init alarm sim
2019-02-28 11:18:05: init send data
2019-02-28 11:18:05: connect signal and slot
2019-02-28 11:18:06: redis Thread 1:  0x2508 start to connect "127.0.0.1" 6379
2019-02-28 11:18:06: redis Thread 1:  0x2508 redis connect success
2019-02-28 11:18:21: Fatal: QThread: Destroyed while thread is still running
2019-02-28 11:31:37: open error "C:/Users/furunhao/Documents/FRH/Software/Audio_full_link_monitoring_system/server/alarm_server/build-alarm_server-Desktop_Qt_5_10_0_MinGW_32bit-Release/release/sav/yxtserver.sav"
2019-02-28 11:31:37: ()
2019-02-28 11:31:37: open error "C:/Users/furunhao/Documents/FRH/Software/Audio_full_link_monitoring_system/server/alarm_server/build-alarm_server-Desktop_Qt_5_10_0_MinGW_32bit-Release/release/sav/transmitterlist.sav"
2019-02-28 11:31:37: ()
2019-02-28 11:31:37: open error "C:/Users/furunhao/Documents/FRH/Software/Audio_full_link_monitoring_system/server/alarm_server/build-alarm_server-Desktop_Qt_5_10_0_MinGW_32bit-Release/release/sav/chinfo.sav"
2019-02-28 11:31:37: init audio receiver
2019-02-28 11:31:37: init redis manager
2019-02-28 11:31:37: init alarm apm
2019-02-28 11:31:37: init alarm sim
2019-02-28 11:31:37: init send data
2019-02-28 11:31:37: connect signal and slot
2019-02-28 11:31:38: redis Thread 1:  0x543c start to connect "127.0.0.1" 6379
2019-02-28 11:31:38: redis Thread 1:  0x543c redis connect success
2019-02-28 11:32:03: Fatal: QThread: Destroyed while thread is still running
2019-02-28 11:40:35: open error "C:/Users/furunhao/Documents/FRH/Software/Audio_full_link_monitoring_system/server/alarm_server/build-alarm_server-Desktop_Qt_5_10_0_MinGW_32bit-Release/release/sav/yxtserver.sav"
2019-02-28 11:40:35: ()
2019-02-28 11:40:35: open error "C:/Users/furunhao/Documents/FRH/Software/Audio_full_link_monitoring_system/server/alarm_server/build-alarm_server-Desktop_Qt_5_10_0_MinGW_32bit-Release/release/sav/transmitterlist.sav"
2019-02-28 11:40:35: ()
2019-02-28 11:40:35: open error "C:/Users/furunhao/Documents/FRH/Software/Audio_full_link_monitoring_system/server/alarm_server/build-alarm_server-Desktop_Qt_5_10_0_MinGW_32bit-Release/release/sav/chinfo.sav"
2019-02-28 11:40:35: init audio receiver
2019-02-28 11:40:35: init redis manager
2019-02-28 11:40:35: init alarm apm
2019-02-28 11:40:35: init alarm sim
2019-02-28 11:40:35: init send data
2019-02-28 11:40:35: connect signal and slot
2019-02-28 11:40:36: redis Thread 1:  0x9d8 start to connect "127.0.0.1" 6379
2019-02-28 11:40:36: redis Thread 1:  0x9d8 redis connect success
2019-02-28 11:41:43: Fatal: QThread: Destroyed while thread is still running
2019-02-28 11:41:56: open error "C:/Users/furunhao/Documents/FRH/Software/Audio_full_link_monitoring_system/server/alarm_server/build-alarm_server-Desktop_Qt_5_10_0_MinGW_32bit-Release/release/sav/yxtserver.sav"
2019-02-28 11:41:56: ()
2019-02-28 11:41:56: open error "C:/Users/furunhao/Documents/FRH/Software/Audio_full_link_monitoring_system/server/alarm_server/build-alarm_server-Desktop_Qt_5_10_0_MinGW_32bit-Release/release/sav/transmitterlist.sav"
2019-02-28 11:41:56: ()
2019-02-28 11:41:56: open error "C:/Users/furunhao/Documents/FRH/Software/Audio_full_link_monitoring_system/server/alarm_server/build-alarm_server-Desktop_Qt_5_10_0_MinGW_32bit-Release/release/sav/chinfo.sav"
2019-02-28 11:41:56: init audio receiver
2019-02-28 11:41:56: init redis manager
2019-02-28 11:41:56: init alarm apm
2019-02-28 11:41:56: init alarm sim
2019-02-28 11:41:56: init send data
2019-02-28 11:41:56: connect signal and slot
2019-02-28 11:41:56: redis Thread 1:  0x42d8 start to connect "127.0.0.1" 6379
2019-02-28 11:41:56: redis Thread 1:  0x42d8 redis connect success
2019-02-28 12:31:37: Fatal: QThread: Destroyed while thread is still running
2019-02-28 12:31:48: open error "C:/Users/furunhao/Documents/FRH/Software/Audio_full_link_monitoring_system/server/alarm_server/build-alarm_server-Desktop_Qt_5_10_0_MinGW_32bit-Release/release/sav/yxtserver.sav"
2019-02-28 12:31:48: ()
2019-02-28 12:31:48: open error "C:/Users/furunhao/Documents/FRH/Software/Audio_full_link_monitoring_system/server/alarm_server/build-alarm_server-Desktop_Qt_5_10_0_MinGW_32bit-Release/release/sav/transmitterlist.sav"
2019-02-28 12:31:48: ()
2019-02-28 12:31:48: open error "C:/Users/furunhao/Documents/FRH/Software/Audio_full_link_monitoring_system/server/alarm_server/build-alarm_server-Desktop_Qt_5_10_0_MinGW_32bit-Release/release/sav/chinfo.sav"
2019-02-28 12:31:48: init audio receiver
2019-02-28 12:31:48: init redis manager
2019-02-28 12:31:48: init alarm apm
2019-02-28 12:31:48: init alarm sim
2019-02-28 12:31:48: init send data
2019-02-28 12:31:48: connect signal and slot
2019-02-28 12:31:49: redis Thread 1:  0x2b0c start to connect "127.0.0.1" 6379
2019-02-28 12:31:49: redis Thread 1:  0x2b0c redis connect success
