2019-03-01 09:53:44: open error "C:/Users/furunhao/Documents/FRH/Software/Audio_full_link_monitoring_system/server/alarm_server/build-alarm_server-Desktop_Qt_5_10_0_MinGW_32bit-Release/release/sav/yxtserver.sav"
2019-03-01 09:53:44: ()
2019-03-01 09:53:44: open error "C:/Users/furunhao/Documents/FRH/Software/Audio_full_link_monitoring_system/server/alarm_server/build-alarm_server-Desktop_Qt_5_10_0_MinGW_32bit-Release/release/sav/transmitterlist.sav"
2019-03-01 09:53:44: ()
2019-03-01 09:53:44: open error "C:/Users/furunhao/Documents/FRH/Software/Audio_full_link_monitoring_system/server/alarm_server/build-alarm_server-Desktop_Qt_5_10_0_MinGW_32bit-Release/release/sav/chinfo.sav"
2019-03-01 09:53:44: init audio receiver
2019-03-01 09:53:44: init redis manager
2019-03-01 09:53:44: init alarm apm
2019-03-01 09:53:44: init alarm sim
2019-03-01 09:53:45: init send data
2019-03-01 09:53:45: connect signal and slot
2019-03-01 09:53:45: redis Thread 1:  0x1280 start to connect "127.0.0.1" 6379
2019-03-01 09:53:45: redis Thread 1:  0x1280 redis connect success
2019-03-01 10:23:26: Fatal: QThread: Destroyed while thread is still running
2019-03-01 10:23:38: open error "C:/Users/furunhao/Documents/FRH/Software/Audio_full_link_monitoring_system/server/alarm_server/build-alarm_server-Desktop_Qt_5_10_0_MinGW_32bit-Release/release/sav/yxtserver.sav"
2019-03-01 10:23:38: ()
2019-03-01 10:23:38: open error "C:/Users/furunhao/Documents/FRH/Software/Audio_full_link_monitoring_system/server/alarm_server/build-alarm_server-Desktop_Qt_5_10_0_MinGW_32bit-Release/release/sav/transmitterlist.sav"
2019-03-01 10:23:38: ()
2019-03-01 10:23:38: open error "C:/Users/furunhao/Documents/FRH/Software/Audio_full_link_monitoring_system/server/alarm_server/build-alarm_server-Desktop_Qt_5_10_0_MinGW_32bit-Release/release/sav/chinfo.sav"
2019-03-01 10:23:38: init audio receiver
2019-03-01 10:23:38: init redis manager
2019-03-01 10:23:38: init alarm apm
2019-03-01 10:23:38: init alarm sim
2019-03-01 10:23:38: init send data
2019-03-01 10:23:38: connect signal and slot
2019-03-01 10:23:38: redis Thread 1:  0x18c start to connect "127.0.0.1" 6379
2019-03-01 10:23:38: redis Thread 1:  0x18c redis connect success
2019-03-01 12:32:36: Fatal: QThread: Destroyed while thread is still running
2019-03-01 12:34:50: open error "C:/Users/furunhao/Documents/FRH/Software/Audio_full_link_monitoring_system/server/alarm_server/build-alarm_server-Desktop_Qt_5_10_0_MinGW_32bit-Release/release/sav/yxtserver.sav"
2019-03-01 12:34:50: ()
2019-03-01 12:34:50: open error "C:/Users/furunhao/Documents/FRH/Software/Audio_full_link_monitoring_system/server/alarm_server/build-alarm_server-Desktop_Qt_5_10_0_MinGW_32bit-Release/release/sav/transmitterlist.sav"
2019-03-01 12:34:50: ()
2019-03-01 12:34:50: open error "C:/Users/furunhao/Documents/FRH/Software/Audio_full_link_monitoring_system/server/alarm_server/build-alarm_server-Desktop_Qt_5_10_0_MinGW_32bit-Release/release/sav/chinfo.sav"
2019-03-01 12:34:50: init audio receiver
2019-03-01 12:34:50: init redis manager
2019-03-01 12:34:50: init alarm apm
2019-03-01 12:34:50: init alarm sim
2019-03-01 12:34:50: init send data
2019-03-01 12:34:50: connect signal and slot
2019-03-01 12:34:50: redis Thread 1:  0x2bf4 start to connect "127.0.0.1" 6379
2019-03-01 12:34:50: redis Thread 1:  0x2bf4 redis connect success
2019-03-01 12:42:32: Fatal: QThread: Destroyed while thread is still running
2019-03-01 12:42:44: open error "C:/Users/furunhao/Documents/FRH/Software/Audio_full_link_monitoring_system/server/alarm_server/build-alarm_server-Desktop_Qt_5_10_0_MinGW_32bit-Release/release/sav/yxtserver.sav"
2019-03-01 12:42:44: ()
2019-03-01 12:42:44: open error "C:/Users/furunhao/Documents/FRH/Software/Audio_full_link_monitoring_system/server/alarm_server/build-alarm_server-Desktop_Qt_5_10_0_MinGW_32bit-Release/release/sav/transmitterlist.sav"
2019-03-01 12:42:44: ()
2019-03-01 12:42:44: open error "C:/Users/furunhao/Documents/FRH/Software/Audio_full_link_monitoring_system/server/alarm_server/build-alarm_server-Desktop_Qt_5_10_0_MinGW_32bit-Release/release/sav/chinfo.sav"
2019-03-01 12:42:44: init audio receiver
2019-03-01 12:42:44: init redis manager
2019-03-01 12:42:44: init alarm apm
2019-03-01 12:42:44: init alarm sim
2019-03-01 12:42:44: init send data
2019-03-01 12:42:44: connect signal and slot
2019-03-01 12:42:44: redis Thread 1:  0xd44 start to connect "127.0.0.1" 6379
2019-03-01 12:42:44: redis Thread 1:  0xd44 redis connect success
2019-03-01 12:42:55: Fatal: QThread: Destroyed while thread is still running
2019-03-01 12:43:02: open error "C:/Users/furunhao/Documents/FRH/Software/Audio_full_link_monitoring_system/server/alarm_server/build-alarm_server-Desktop_Qt_5_10_0_MinGW_32bit-Release/release/sav/yxtserver.sav"
2019-03-01 12:43:02: ()
2019-03-01 12:43:02: open error "C:/Users/furunhao/Documents/FRH/Software/Audio_full_link_monitoring_system/server/alarm_server/build-alarm_server-Desktop_Qt_5_10_0_MinGW_32bit-Release/release/sav/transmitterlist.sav"
2019-03-01 12:43:02: ()
2019-03-01 12:43:02: open error "C:/Users/furunhao/Documents/FRH/Software/Audio_full_link_monitoring_system/server/alarm_server/build-alarm_server-Desktop_Qt_5_10_0_MinGW_32bit-Release/release/sav/chinfo.sav"
2019-03-01 12:43:02: init audio receiver
2019-03-01 12:43:02: init redis manager
2019-03-01 12:43:02: init alarm apm
2019-03-01 12:43:02: init alarm sim
2019-03-01 12:43:02: init send data
2019-03-01 12:43:02: connect signal and slot
2019-03-01 12:43:03: redis Thread 1:  0x32f4 start to connect "127.0.0.1" 6379
2019-03-01 12:43:03: redis Thread 1:  0x32f4 redis connect success
2019-03-01 12:52:12: Fatal: QThread: Destroyed while thread is still running
2019-03-01 12:52:19: open error "C:/Users/furunhao/Documents/FRH/Software/Audio_full_link_monitoring_system/server/alarm_server/build-alarm_server-Desktop_Qt_5_10_0_MinGW_32bit-Release/release/sav/yxtserver.sav"
2019-03-01 12:52:19: ()
2019-03-01 12:52:19: open error "C:/Users/furunhao/Documents/FRH/Software/Audio_full_link_monitoring_system/server/alarm_server/build-alarm_server-Desktop_Qt_5_10_0_MinGW_32bit-Release/release/sav/transmitterlist.sav"
2019-03-01 12:52:19: ()
2019-03-01 12:52:19: open error "C:/Users/furunhao/Documents/FRH/Software/Audio_full_link_monitoring_system/server/alarm_server/build-alarm_server-Desktop_Qt_5_10_0_MinGW_32bit-Release/release/sav/chinfo.sav"
2019-03-01 12:52:19: init audio receiver
2019-03-01 12:52:19: init redis manager
2019-03-01 12:52:19: init alarm apm
2019-03-01 12:52:19: init alarm sim
2019-03-01 12:52:19: init send data
2019-03-01 12:52:19: connect signal and slot
2019-03-01 12:52:20: redis Thread 1:  0x23e0 start to connect "127.0.0.1" 6379
2019-03-01 12:52:20: redis Thread 1:  0x23e0 redis connect success
2019-03-01 12:56:33: Fatal: QThread: Destroyed while thread is still running
2019-03-01 12:56:45: open error "C:/Users/furunhao/Documents/FRH/Software/Audio_full_link_monitoring_system/server/alarm_server/build-alarm_server-Desktop_Qt_5_10_0_MinGW_32bit-Release/release/sav/yxtserver.sav"
2019-03-01 12:56:45: ()
2019-03-01 12:56:45: open error "C:/Users/furunhao/Documents/FRH/Software/Audio_full_link_monitoring_system/server/alarm_server/build-alarm_server-Desktop_Qt_5_10_0_MinGW_32bit-Release/release/sav/transmitterlist.sav"
2019-03-01 12:56:45: ()
2019-03-01 12:56:45: open error "C:/Users/furunhao/Documents/FRH/Software/Audio_full_link_monitoring_system/server/alarm_server/build-alarm_server-Desktop_Qt_5_10_0_MinGW_32bit-Release/release/sav/chinfo.sav"
2019-03-01 12:56:45: init audio receiver
2019-03-01 12:56:45: init redis manager
2019-03-01 12:56:45: init alarm apm
2019-03-01 12:56:45: init alarm sim
2019-03-01 12:56:45: init send data
2019-03-01 12:56:45: connect signal and slot
2019-03-01 12:56:45: redis Thread 1:  0xc0c start to connect "127.0.0.1" 6379
2019-03-01 12:56:45: redis Thread 1:  0xc0c redis connect success
2019-03-01 14:35:06: open error "C:/Users/furunhao/Documents/FRH/Software/Audio_full_link_monitoring_system/server/alarm_server/build-alarm_server-Desktop_Qt_5_10_0_MinGW_32bit-Release/release/sav/yxtserver.sav"
2019-03-01 14:35:06: ()
2019-03-01 14:35:06: open error "C:/Users/furunhao/Documents/FRH/Software/Audio_full_link_monitoring_system/server/alarm_server/build-alarm_server-Desktop_Qt_5_10_0_MinGW_32bit-Release/release/sav/transmitterlist.sav"
2019-03-01 14:35:06: ()
2019-03-01 14:35:06: open error "C:/Users/furunhao/Documents/FRH/Software/Audio_full_link_monitoring_system/server/alarm_server/build-alarm_server-Desktop_Qt_5_10_0_MinGW_32bit-Release/release/sav/chinfo.sav"
2019-03-01 14:35:06: init audio receiver
2019-03-01 14:35:06: init redis manager
2019-03-01 14:35:06: init alarm apm
2019-03-01 14:35:06: init alarm sim
2019-03-01 14:35:06: init send data
2019-03-01 14:35:06: connect signal and slot
2019-03-01 14:35:07: redis Thread 1:  0xe64 start to connect "127.0.0.1" 6379
2019-03-01 14:35:07: redis Thread 1:  0xe64 redis connect success
2019-03-01 16:41:19: Fatal: QThread: Destroyed while thread is still running
